<?xml version="1.0" encoding="UTF-8"?>
<testsuite name="bases.NaturalTest" tests="10" skipped="0" failures="0" errors="0" timestamp="2022-04-17T06:19:43" hostname="RoseBook-Pro.local" time="0.726">
  <properties/>
  <testcase name="testTimesOneDigit" classname="bases.NaturalTest" time="0.028"/>
  <testcase name="testLeftShift" classname="bases.NaturalTest" time="0.0"/>
  <testcase name="testTimes" classname="bases.NaturalTest" time="0.027"/>
  <testcase name="testPlus" classname="bases.NaturalTest" time="0.015"/>
  <testcase name="testLeadingDigit" classname="bases.NaturalTest" time="0.0"/>
  <testcase name="testToString" classname="bases.NaturalTest" time="0.001"/>
  <testcase name="testConstruction" classname="bases.NaturalTest" time="0.0"/>
  <testcase name="testPlusTopTwoLoops" classname="bases.NaturalTest" time="0.0"/>
  <testcase name="testGetDigits" classname="bases.NaturalTest" time="0.0"/>
  <testcase name="testToBase" classname="bases.NaturalTest" time="0.652"/>
  <system-out><![CDATA[]]></system-out>
  <system-err><![CDATA[]]></system-err>
</testsuite>
