<?xml version="1.0" encoding="UTF-8"?>
<testsuite name="sets.SimpleSetTest" tests="1" skipped="0" failures="0" errors="0" timestamp="2022-05-01T22:33:18" hostname="RoseBook-Pro.local" time="0.028">
  <properties/>
  <testcase name="testToString" classname="sets.SimpleSetTest" time="0.028"/>
  <system-out><![CDATA[]]></system-out>
  <system-err><![CDATA[]]></system-err>
</testsuite>
